(Loading /opt/homebrew/Cellar/latexml/0.8.8_1/libexec/lib/perl5/LaTeXML/Package/TeX.pool.ltxml...
(Loading /opt/homebrew/Cellar/latexml/0.8.8_1/libexec/lib/perl5/LaTeXML/Package/eTeX.pool.ltxml... 0.00 sec)
(Loading /opt/homebrew/Cellar/latexml/0.8.8_1/libexec/lib/perl5/LaTeXML/Package/pdfTeX.pool.ltxml... 0.00 sec) 0.12 sec)
latexmlc (LaTeXML version 0.8.8)
invoked as [/opt/homebrew/Cellar/latexml/0.8.8_1/libexec/bin/latexmlc scripts/example.tex --destination=scripts/example_conversion_temp.html --format=html5 --css=/Users/rohanvinaik/rohan-vinaik.github.io/scripts/latexml-terminal.css --presentationmathml --numbersections --verbose]
processing started Sat Oct 25 21:18:53 2025
(Digesting TeX example...
(Processing content /Users/rohanvinaik/rohan-vinaik.github.io/scripts/example.tex...
(Loading /opt/homebrew/Cellar/latexml/0.8.8_1/libexec/lib/perl5/LaTeXML/Package/LaTeX.pool.ltxml...
(Loading /opt/homebrew/Cellar/latexml/0.8.8_1/libexec/lib/perl5/LaTeXML/Package/textcomp.sty.ltxml...
(Processing definitions /usr/local/texlive/2025basic/texmf-dist/tex/latex/base/ts1enc.dfu... 0.03 sec) 0.16 sec) 0.39 sec)
(Loading /opt/homebrew/Cellar/latexml/0.8.8_1/libexec/lib/perl5/LaTeXML/Package/article.cls.ltxml... 0.02 sec)
(Loading /opt/homebrew/Cellar/latexml/0.8.8_1/libexec/lib/perl5/LaTeXML/Package/amsmath.sty.ltxml...
(Loading /opt/homebrew/Cellar/latexml/0.8.8_1/libexec/lib/perl5/LaTeXML/Package/amsbsy.sty.ltxml...
(Loading /opt/homebrew/Cellar/latexml/0.8.8_1/libexec/lib/perl5/LaTeXML/Package/amsgen.sty.ltxml... 0.00 sec) 0.01 sec)
(Loading /opt/homebrew/Cellar/latexml/0.8.8_1/libexec/lib/perl5/LaTeXML/Package/amstext.sty.ltxml... 0.00 sec)
(Loading /opt/homebrew/Cellar/latexml/0.8.8_1/libexec/lib/perl5/LaTeXML/Package/amsopn.sty.ltxml... 0.01 sec) 0.07 sec)
(Loading /opt/homebrew/Cellar/latexml/0.8.8_1/libexec/lib/perl5/LaTeXML/Package/amssymb.sty.ltxml...
(Loading /opt/homebrew/Cellar/latexml/0.8.8_1/libexec/lib/perl5/LaTeXML/Package/amsfonts.sty.ltxml... 0.00 sec) 0.02 sec)
(Loading /opt/homebrew/Cellar/latexml/0.8.8_1/libexec/lib/perl5/LaTeXML/Package/graphicx.sty.ltxml...
(Loading /opt/homebrew/Cellar/latexml/0.8.8_1/libexec/lib/perl5/LaTeXML/Package/graphics.sty.ltxml... 0.01 sec) 0.30 sec)
(Loading /opt/homebrew/Cellar/latexml/0.8.8_1/libexec/lib/perl5/LaTeXML/Package/hyperref.sty.ltxml...
(Loading /opt/homebrew/Cellar/latexml/0.8.8_1/libexec/lib/perl5/LaTeXML/Package/ltxcmds.sty.ltxml...
(Processing definitions /usr/local/texlive/2025basic/texmf-dist/tex/generic/ltxcmds/ltxcmds.sty... 0.06 sec) 0.06 sec)
(Loading /opt/homebrew/Cellar/latexml/0.8.8_1/libexec/lib/perl5/LaTeXML/Package/keyval.sty.ltxml...
(Processing definitions /usr/local/texlive/2025basic/texmf-dist/tex/latex/graphics/keyval.sty... 0.01 sec) 0.01 sec)
(Loading /opt/homebrew/Cellar/latexml/0.8.8_1/libexec/lib/perl5/LaTeXML/Package/kvsetkeys.sty.ltxml...
(Processing definitions /usr/local/texlive/2025basic/texmf-dist/tex/latex/kvsetkeys/kvsetkeys.sty... 0.07 sec) 0.07 sec)
(Loading /opt/homebrew/Cellar/latexml/0.8.8_1/libexec/lib/perl5/LaTeXML/Package/kvdefinekeys.sty.ltxml...
(Processing definitions /usr/local/texlive/2025basic/texmf-dist/tex/generic/kvdefinekeys/kvdefinekeys.sty... 0.03 sec) 0.04 sec)
(Loading /opt/homebrew/Cellar/latexml/0.8.8_1/libexec/lib/perl5/LaTeXML/Package/kvoptions.sty.ltxml...
(Processing definitions /usr/local/texlive/2025basic/texmf-dist/tex/latex/kvoptions/kvoptions.sty... 0.13 sec) 0.13 sec)
(Loading /opt/homebrew/Cellar/latexml/0.8.8_1/libexec/lib/perl5/LaTeXML/Package/nameref.sty.ltxml...
(Loading /opt/homebrew/Cellar/latexml/0.8.8_1/libexec/lib/perl5/LaTeXML/Package/refcount.sty.ltxml...
(Processing definitions /usr/local/texlive/2025basic/texmf-dist/tex/latex/refcount/refcount.sty...
(Loading /opt/homebrew/Cellar/latexml/0.8.8_1/libexec/lib/perl5/LaTeXML/Package/infwarerr.sty.ltxml...
(Processing definitions /usr/local/texlive/2025basic/texmf-dist/tex/generic/infwarerr/infwarerr.sty... 0.05 sec) 0.05 sec) 0.10 sec) 0.11 sec)
(Loading /opt/homebrew/Cellar/latexml/0.8.8_1/libexec/lib/perl5/LaTeXML/Package/gettitlestring.sty.ltxml...
(Processing definitions /usr/local/texlive/2025basic/texmf-dist/tex/generic/gettitlestring/gettitlestring.sty... 0.10 sec) 0.10 sec) 0.22 sec)
(Loading /opt/homebrew/Cellar/latexml/0.8.8_1/libexec/lib/perl5/LaTeXML/Package/url.sty.ltxml... 0.00 sec)
(Loading /opt/homebrew/Cellar/latexml/0.8.8_1/libexec/lib/perl5/LaTeXML/Package/bitset.sty.ltxml...
(Processing definitions /usr/local/texlive/2025basic/texmf-dist/tex/generic/bitset/bitset.sty...
(Loading /opt/homebrew/Cellar/latexml/0.8.8_1/libexec/lib/perl5/LaTeXML/Package/intcalc.sty.ltxml...
(Processing definitions /usr/local/texlive/2025basic/texmf-dist/tex/generic/intcalc/intcalc.sty... 0.06 sec) 0.07 sec)
(Loading /opt/homebrew/Cellar/latexml/0.8.8_1/libexec/lib/perl5/LaTeXML/Package/bigintcalc.sty.ltxml...
(Processing definitions /usr/local/texlive/2025basic/texmf-dist/tex/generic/bigintcalc/bigintcalc.sty...
(Loading /opt/homebrew/Cellar/latexml/0.8.8_1/libexec/lib/perl5/LaTeXML/Package/pdftexcmds.sty.ltxml...
(Loading /opt/homebrew/Cellar/latexml/0.8.8_1/libexec/lib/perl5/LaTeXML/Package/iftex.sty.ltxml... 0.00 sec) 0.01 sec) 0.20 sec) 0.20 sec) 0.40 sec) 0.40 sec) 1.05 sec)
Error:undefined:{proof} The environment {proof} is not defined.
	at example.tex; line 72 col 0 - line 72 col 13
	Next token is T_SPACE[U+000a/LF] ( == T_SPACE[U+000a/LF])
	In Core::Definition::Expandable[\begin {}] /opt/homebrew/Cellar/latexml/0.8.8_1/libexec/lib/perl5/LaTeXML/Package/LaTeX.pool.ltxml; line 182
	 <= Core::Gullet[@0x8a172ebe8] <= Core::Stomach[@0x8a172c990] <= ...
 2.54 sec) 2.54 sec)
(Building...
(Loading compiled schema /opt/homebrew/Cellar/latexml/0.8.8_1/libexec/lib/perl5/LaTeXML/resources/RelaxNG/LaTeXML.model... 0.01 sec) 0.35 sec)
(Rewriting... 0.00 sec)
(Math Parsing 7 formulae ...... 0.10 sec)
Math parsing succeeded:
   ltx:XMath: 7/7
   ltx:XMArg: 14/14
Symbols assumed as simple identifiers (with # of occurences):
   'Ax{bold}' (1), 'A{bold}' (1), 'E{italic}' (1), 'a{italic}' (1), 'b{bold}' (2), 'b{italic}' (1), 'c{italic}' (2), 'd{italic}' (2), 'e{italic}' (2), 'f{italic}' (1), 'i{italic}' (1), 'm{italic}' (1), 'omega' (2), 't{italic}' (3), 'x{bold}' (1), 'x{italic}' (2)
Set MATHPARSER_SPECULATE to speculate on possible notations.
(Finalizing... 0.02 sec)
Conversion complete: 1 error; 1 undefined macro[{proof}] (See /Users/rohanvinaik/rohan-vinaik.github.io/example.latexml.log)
(post-processing...
(Scan scripts/example_conversion_temp.html processing...
Scan: DBStatus: 95/0 objects
 0.01 sec)
(MakeBibliography scripts/example_conversion_temp.html processing... 0.00 sec)
(CrossRef scripts/example_conversion_temp.html processing... 0.01 sec)
(MathML::Presentation scripts/example_conversion_temp.html 7 to process...
converted 7 Maths
 0.03 sec)
(XSLT[using LaTeXML-html5.xsl] scripts/example_conversion_temp.html processing... 0.01 sec)
(Writer scripts/example_conversion_temp.html processing... 0.00 sec) 0.06 sec)
Post-processing complete: No obvious problems
processing finished Sat Oct 25 21:18:56 2025
Status:conversion:2
